WARNING: A terminally deprecated method in sun.misc.Unsafe has been called
WARNING: sun.misc.Unsafe::staticFieldBase has been called by com.google.inject.internal.aop.HiddenClassDefiner (file:/opt/homebrew/Cellar/maven/3.9.11/libexec/lib/guice-5.1.0-classes.jar)
WARNING: Please consider reporting this to the maintainers of class com.google.inject.internal.aop.HiddenClassDefiner
WARNING: sun.misc.Unsafe::staticFieldBase will be removed in a future release
[INFO] Scanning for projects...
[INFO] 
[INFO] --------------------------< com.pete:hangman >--------------------------
[INFO] Building Pete's Hangman Game 1.0-SNAPSHOT
[INFO]   from pom.xml
[INFO] --------------------------------[ war ]---------------------------------
[INFO] 
[INFO] >>> jetty:9.4.51.v20230217:run (default-cli) > test-compile @ hangman >>>
[INFO] 
[INFO] --- resources:3.3.1:resources (default-resources) @ hangman ---
[INFO] skip non existing resourceDirectory /Users/bzatrok/play/Pete.Hangman/src/main/resources
[INFO] 
[INFO] --- compiler:3.13.0:compile (default-compile) @ hangman ---
[INFO] Nothing to compile - all classes are up to date.
[INFO] 
[INFO] --- resources:3.3.1:testResources (default-testResources) @ hangman ---
[INFO] skip non existing resourceDirectory /Users/bzatrok/play/Pete.Hangman/src/test/resources
[INFO] 
[INFO] --- compiler:3.13.0:testCompile (default-testCompile) @ hangman ---
[INFO] Nothing to compile - all classes are up to date.
[INFO] 
[INFO] <<< jetty:9.4.51.v20230217:run (default-cli) < test-compile @ hangman <<<
[INFO] 
[INFO] 
[INFO] --- jetty:9.4.51.v20230217:run (default-cli) @ hangman ---
[INFO] Logging initialized @867ms to org.eclipse.jetty.util.log.Slf4jLog
[INFO] webAppSourceDirectory not set. Trying src/main/webapp
[INFO] Reload Mechanic: automatic
[INFO] nonBlocking:false
[INFO] Classes = /Users/bzatrok/play/Pete.Hangman/target/classes
[INFO] Configuring Jetty for project: Pete's Hangman Game
[INFO] Context path = /
[INFO] Tmp directory = /Users/bzatrok/play/Pete.Hangman/target/tmp
[INFO] Web defaults = org/eclipse/jetty/webapp/webdefault.xml
[INFO] Web overrides =  none
[INFO] web.xml file = file:///Users/bzatrok/play/Pete.Hangman/src/main/webapp/WEB-INF/web.xml
[INFO] Webapp directory = /Users/bzatrok/play/Pete.Hangman/src/main/webapp
[INFO] jetty-9.4.51.v20230217; built: 2023-02-17T08:19:37.309Z; git: b45c405e4544384de066f814ed42ae3dceacdd49; jvm 24.0.2
[INFO] Scanning elapsed time=11ms
[INFO] DefaultSessionIdManager workerName=node0
[INFO] No SessionScavenger set, using defaults
[INFO] node0 Scavenging every 600000ms
[INFO] Started o.e.j.m.p.JettyWebAppContext@46e190ed{Pete's Hangman Game,/,file:///Users/bzatrok/play/Pete.Hangman/src/main/webapp/,AVAILABLE}{file:///Users/bzatrok/play/Pete.Hangman/src/main/webapp/}
[INFO] Started ServerConnector@78c262ba{HTTP/1.1, (http/1.1)}{0.0.0.0:8090}
[INFO] Started @1055ms
[INFO] Started Jetty Server
[INFO] Stopped ServerConnector@78c262ba{HTTP/1.1, (http/1.1)}{0.0.0.0:8090}
[INFO] node0 Stopped scavenging
[INFO] Stopped o.e.j.m.p.JettyWebAppContext@46e190ed{Pete's Hangman Game,/,file:///Users/bzatrok/play/Pete.Hangman/src/main/webapp/,STOPPED}{file:///Users/bzatrok/play/Pete.Hangman/src/main/webapp/}
[INFO] Jetty server exiting.
[INFO] ------------------------------------------------------------------------
[INFO] BUILD SUCCESS
[INFO] ------------------------------------------------------------------------
[INFO] Total time:  01:41 min
[INFO] Finished at: 2025-08-04T16:59:23+02:00
[INFO] ------------------------------------------------------------------------
